07:37:15 INFO  - site: https://ilcarro-dev-v1.firebaseapp.com/
07:37:15 INFO  - Start test testCarWorkIfUserLoggedIn
07:37:40 INFO  - Finish test testCarWorkIfUserLoggedIn
 ********
07:37:40 INFO  - Start test testCarWorkIfUserLoggedOut
07:37:53 INFO  - Finish test testCarWorkIfUserLoggedOut
 ********
07:37:53 INFO  - Start test testFindCar
07:38:09 INFO  - Finish test testFindCar
 ********
07:38:09 INFO  - Start test testRegistration
07:38:25 INFO  - Finish test testRegistration
 ********
07:38:25 INFO  - Start test testRegistrationNegative
07:38:40 INFO  - Finish test testRegistrationNegative
 ********
07:38:40 INFO  - Start test testRegistrationNegative2
07:38:46 INFO  - Finish test testRegistrationNegative2
 ********
07:38:46 INFO  - Start test loginFromValidLoginCsvFileTest
07:38:57 INFO  - test passed
07:38:57 INFO  - created screenshot src/test/sсreenshots/screenshot-1612244337367.png
07:38:57 INFO  - Finish test loginFromValidLoginCsvFileTest
 ********
07:38:57 INFO  - Start test loginFromValidLoginCsvFileTest
07:38:58 INFO  - test passed
07:38:59 INFO  - created screenshot src/test/sсreenshots/screenshot-1612244338880.png
07:38:59 INFO  - Finish test loginFromValidLoginCsvFileTest
 ********
07:38:59 INFO  - Start test loginFromValidLoginCsvFileTest
07:39:00 INFO  - test passed
07:39:00 INFO  - created screenshot src/test/sсreenshots/screenshot-1612244340260.png
07:39:00 INFO  - Finish test loginFromValidLoginCsvFileTest
 ********
07:39:00 INFO  - Start test loginFromValidLoginCsvFileTest
07:39:01 INFO  - test passed
07:39:02 INFO  - created screenshot src/test/sсreenshots/screenshot-1612244341661.png
07:39:02 INFO  - Finish test loginFromValidLoginCsvFileTest
 ********
07:39:02 INFO  - Start test testForgotPassword
07:39:04 INFO  - Finish test testForgotPassword
 ********
07:39:04 INFO  - Start test testLoginWithValidData
07:39:24 ERROR - org.openqa.selenium.NoSuchElementException: no such element: Unable to locate element: {"method":"css selector","selector":"[name=email]"}
  (Session info: chrome=88.0.4324.104)
For documentation on this error, please visit: https://www.seleniumhq.org/exceptions/no_such_element.html
Build info: version: '3.141.59', revision: 'e82be7d358', time: '2018-11-14T08:17:03'
System info: host: 'DESKTOP-I31H4EG', ip: '10.0.0.3', os.name: 'Windows 10', os.arch: 'amd64', os.version: '10.0', java.version: '1.8.0_271'
Driver info: org.openqa.selenium.chrome.ChromeDriver
Capabilities {acceptInsecureCerts: false, browserName: chrome, browserVersion: 88.0.4324.104, chrome: {chromedriverVersion: 88.0.4324.96 (68dba2d8a0b14..., userDataDir: C:\Users\GLEB\AppData\Local...}, goog:chromeOptions: {debuggerAddress: localhost:62479}, javascriptEnabled: true, networkConnectionEnabled: false, pageLoadStrategy: normal, platform: WINDOWS, platformName: WINDOWS, proxy: Proxy(), setWindowRect: true, strictFileInteractability: false, timeouts: {implicit: 0, pageLoad: 300000, script: 30000}, unhandledPromptBehavior: dismiss and notify, webauthn:extension:largeBlob: true, webauthn:virtualAuthenticators: true}
Session ID: 45860a89992bea87e029a2598afaf4b5
*** Element info: {Using=css selector, value=[name=email]}
07:39:25 ERROR - Screenshot with error: C:\Users\GLEB\Documents\GitHub\ilCarro\screen1612244365362.png
07:39:25 INFO  - Finish test testLoginWithValidData
 ********
07:39:25 INFO  - Finish test validLoginFromListTest
 ********
07:39:25 INFO  - Finish test validLoginFromListTest
 ********
07:39:25 INFO  - Finish test validLoginFromListTest
 ********
07:39:25 INFO  - Start test logoutTest
07:39:45 ERROR - org.openqa.selenium.NoSuchElementException: no such element: Unable to locate element: {"method":"css selector","selector":"[name=email]"}
  (Session info: chrome=88.0.4324.104)
For documentation on this error, please visit: https://www.seleniumhq.org/exceptions/no_such_element.html
Build info: version: '3.141.59', revision: 'e82be7d358', time: '2018-11-14T08:17:03'
System info: host: 'DESKTOP-I31H4EG', ip: '10.0.0.3', os.name: 'Windows 10', os.arch: 'amd64', os.version: '10.0', java.version: '1.8.0_271'
Driver info: org.openqa.selenium.chrome.ChromeDriver
Capabilities {acceptInsecureCerts: false, browserName: chrome, browserVersion: 88.0.4324.104, chrome: {chromedriverVersion: 88.0.4324.96 (68dba2d8a0b14..., userDataDir: C:\Users\GLEB\AppData\Local...}, goog:chromeOptions: {debuggerAddress: localhost:62479}, javascriptEnabled: true, networkConnectionEnabled: false, pageLoadStrategy: normal, platform: WINDOWS, platformName: WINDOWS, proxy: Proxy(), setWindowRect: true, strictFileInteractability: false, timeouts: {implicit: 0, pageLoad: 300000, script: 30000}, unhandledPromptBehavior: dismiss and notify, webauthn:extension:largeBlob: true, webauthn:virtualAuthenticators: true}
Session ID: 45860a89992bea87e029a2598afaf4b5
*** Element info: {Using=css selector, value=[name=email]}
07:39:46 ERROR - Screenshot with error: C:\Users\GLEB\Documents\GitHub\ilCarro\screen1612244386025.png
07:39:46 INFO  - Finish test logoutTest
 ********
